ERROR - 2022-03-28 10:13:37 --> Unknown column 'nama' in 'field list'
CRITICAL - 2022-03-28 10:13:37 --> Unknown column 'nama' in 'field list'
#0 C:\xampp\htdocs\simplecrud2-main\system\Database\MySQLi\Connection.php(292): mysqli->query('INSERT INTO `or...', 0)
#1 C:\xampp\htdocs\simplecrud2-main\system\Database\BaseConnection.php(670): CodeIgniter\Database\MySQLi\Connection->execute('INSERT INTO `or...')
#2 C:\xampp\htdocs\simplecrud2-main\system\Database\BaseConnection.php(598): CodeIgniter\Database\BaseConnection->simpleQuery('INSERT INTO `or...')
#3 C:\xampp\htdocs\simplecrud2-main\system\Database\BaseBuilder.php(1771): CodeIgniter\Database\BaseConnection->query('INSERT INTO `or...', Array, false)
#4 C:\xampp\htdocs\simplecrud2-main\system\Model.php(239): CodeIgniter\Database\BaseBuilder->insert()
#5 C:\xampp\htdocs\simplecrud2-main\system\BaseModel.php(738): CodeIgniter\Model->doInsert(Array)
#6 C:\xampp\htdocs\simplecrud2-main\system\Model.php(625): CodeIgniter\BaseModel->insert(Array, false)
#7 C:\xampp\htdocs\simplecrud2-main\system\BaseModel.php(658): CodeIgniter\Model->insert(Array, false)
#8 C:\xampp\htdocs\simplecrud2-main\app\Controllers\Pages.php(58): CodeIgniter\BaseModel->save(Array)
#9 C:\xampp\htdocs\simplecrud2-main\system\CodeIgniter.php(825): App\Controllers\Pages->save()
#10 C:\xampp\htdocs\simplecrud2-main\system\CodeIgniter.php(412): CodeIgniter\CodeIgniter->runController(Object(App\Controllers\Pages))
#11 C:\xampp\htdocs\simplecrud2-main\system\CodeIgniter.php(320): CodeIgniter\CodeIgniter->handleRequest(NULL, Object(Config\Cache), false)
#12 C:\xampp\htdocs\simplecrud2-main\public\index.php(37): CodeIgniter\CodeIgniter->run()
#13 C:\xampp\htdocs\simplecrud2-main\system\Commands\Server\rewrite.php(43): require_once('C:\\xampp\\htdocs...')
#14 {main}
CRITICAL - 2022-03-28 10:14:17 --> Undefined array key "nama"
#0 C:\xampp\htdocs\simplecrud2-main\app\Views\pages\crud.php(30): CodeIgniter\Debug\Exceptions->errorHandler(2, 'Undefined array...', 'C:\\xampp\\htdocs...', 30)
#1 C:\xampp\htdocs\simplecrud2-main\system\View\View.php(210): include('C:\\xampp\\htdocs...')
#2 C:\xampp\htdocs\simplecrud2-main\system\View\View.php(213): CodeIgniter\View\View->CodeIgniter\View\{closure}()
#3 C:\xampp\htdocs\simplecrud2-main\system\Common.php(1089): CodeIgniter\View\View->render('pages/crud', Array, true)
#4 C:\xampp\htdocs\simplecrud2-main\app\Controllers\Pages.php(31): view('pages/crud', Array)
#5 C:\xampp\htdocs\simplecrud2-main\system\CodeIgniter.php(825): App\Controllers\Pages->crud()
#6 C:\xampp\htdocs\simplecrud2-main\system\CodeIgniter.php(412): CodeIgniter\CodeIgniter->runController(Object(App\Controllers\Pages))
#7 C:\xampp\htdocs\simplecrud2-main\system\CodeIgniter.php(320): CodeIgniter\CodeIgniter->handleRequest(NULL, Object(Config\Cache), false)
#8 C:\xampp\htdocs\simplecrud2-main\public\index.php(37): CodeIgniter\CodeIgniter->run()
#9 C:\xampp\htdocs\simplecrud2-main\system\Commands\Server\rewrite.php(43): require_once('C:\\xampp\\htdocs...')
#10 {main}
CRITICAL - 2022-03-28 10:34:14 --> View themes, no current section.
#0 C:\xampp\htdocs\simplecrud2-main\app\Views\barang\crud.php(43): CodeIgniter\View\View->endSection()
#1 C:\xampp\htdocs\simplecrud2-main\system\View\View.php(210): include('C:\\xampp\\htdocs...')
#2 C:\xampp\htdocs\simplecrud2-main\system\View\View.php(213): CodeIgniter\View\View->CodeIgniter\View\{closure}()
#3 C:\xampp\htdocs\simplecrud2-main\system\Common.php(1089): CodeIgniter\View\View->render('barang/crud', Array, true)
#4 C:\xampp\htdocs\simplecrud2-main\app\Controllers\Barang.php(21): view('barang/crud', Array)
#5 C:\xampp\htdocs\simplecrud2-main\system\CodeIgniter.php(825): App\Controllers\Barang->crud()
#6 C:\xampp\htdocs\simplecrud2-main\system\CodeIgniter.php(412): CodeIgniter\CodeIgniter->runController(Object(App\Controllers\Barang))
#7 C:\xampp\htdocs\simplecrud2-main\system\CodeIgniter.php(320): CodeIgniter\CodeIgniter->handleRequest(NULL, Object(Config\Cache), false)
#8 C:\xampp\htdocs\simplecrud2-main\public\index.php(37): CodeIgniter\CodeIgniter->run()
#9 C:\xampp\htdocs\simplecrud2-main\system\Commands\Server\rewrite.php(43): require_once('C:\\xampp\\htdocs...')
#10 {main}
CRITICAL - 2022-03-28 10:35:24 --> Undefined variable $orang
#0 C:\xampp\htdocs\simplecrud2-main\app\Views\barang\crud.php(24): CodeIgniter\Debug\Exceptions->errorHandler(2, 'Undefined varia...', 'C:\\xampp\\htdocs...', 24)
#1 C:\xampp\htdocs\simplecrud2-main\system\View\View.php(210): include('C:\\xampp\\htdocs...')
#2 C:\xampp\htdocs\simplecrud2-main\system\View\View.php(213): CodeIgniter\View\View->CodeIgniter\View\{closure}()
#3 C:\xampp\htdocs\simplecrud2-main\system\Common.php(1089): CodeIgniter\View\View->render('barang/crud', Array, true)
#4 C:\xampp\htdocs\simplecrud2-main\app\Controllers\Barang.php(21): view('barang/crud', Array)
#5 C:\xampp\htdocs\simplecrud2-main\system\CodeIgniter.php(825): App\Controllers\Barang->crud()
#6 C:\xampp\htdocs\simplecrud2-main\system\CodeIgniter.php(412): CodeIgniter\CodeIgniter->runController(Object(App\Controllers\Barang))
#7 C:\xampp\htdocs\simplecrud2-main\system\CodeIgniter.php(320): CodeIgniter\CodeIgniter->handleRequest(NULL, Object(Config\Cache), false)
#8 C:\xampp\htdocs\simplecrud2-main\public\index.php(37): CodeIgniter\CodeIgniter->run()
#9 C:\xampp\htdocs\simplecrud2-main\system\Commands\Server\rewrite.php(43): require_once('C:\\xampp\\htdocs...')
#10 {main}
CRITICAL - 2022-03-28 10:35:49 --> View themes, no current section.
#0 C:\xampp\htdocs\simplecrud2-main\app\Views\barang\crud.php(43): CodeIgniter\View\View->endSection()
#1 C:\xampp\htdocs\simplecrud2-main\system\View\View.php(210): include('C:\\xampp\\htdocs...')
#2 C:\xampp\htdocs\simplecrud2-main\system\View\View.php(213): CodeIgniter\View\View->CodeIgniter\View\{closure}()
#3 C:\xampp\htdocs\simplecrud2-main\system\Common.php(1089): CodeIgniter\View\View->render('barang/crud', Array, true)
#4 C:\xampp\htdocs\simplecrud2-main\app\Controllers\Barang.php(21): view('barang/crud', Array)
#5 C:\xampp\htdocs\simplecrud2-main\system\CodeIgniter.php(825): App\Controllers\Barang->crud()
#6 C:\xampp\htdocs\simplecrud2-main\system\CodeIgniter.php(412): CodeIgniter\CodeIgniter->runController(Object(App\Controllers\Barang))
#7 C:\xampp\htdocs\simplecrud2-main\system\CodeIgniter.php(320): CodeIgniter\CodeIgniter->handleRequest(NULL, Object(Config\Cache), false)
#8 C:\xampp\htdocs\simplecrud2-main\public\index.php(37): CodeIgniter\CodeIgniter->run()
#9 C:\xampp\htdocs\simplecrud2-main\system\Commands\Server\rewrite.php(43): require_once('C:\\xampp\\htdocs...')
#10 {main}
CRITICAL - 2022-03-28 10:37:06 --> View themes, no current section.
#0 C:\xampp\htdocs\simplecrud2-main\app\Views\barang\crud.php(43): CodeIgniter\View\View->endSection()
#1 C:\xampp\htdocs\simplecrud2-main\system\View\View.php(210): include('C:\\xampp\\htdocs...')
#2 C:\xampp\htdocs\simplecrud2-main\system\View\View.php(213): CodeIgniter\View\View->CodeIgniter\View\{closure}()
#3 C:\xampp\htdocs\simplecrud2-main\system\Common.php(1089): CodeIgniter\View\View->render('barang/crud', Array, true)
#4 C:\xampp\htdocs\simplecrud2-main\app\Controllers\Barang.php(21): view('barang/crud', Array)
#5 C:\xampp\htdocs\simplecrud2-main\system\CodeIgniter.php(825): App\Controllers\Barang->crud()
#6 C:\xampp\htdocs\simplecrud2-main\system\CodeIgniter.php(412): CodeIgniter\CodeIgniter->runController(Object(App\Controllers\Barang))
#7 C:\xampp\htdocs\simplecrud2-main\system\CodeIgniter.php(320): CodeIgniter\CodeIgniter->handleRequest(NULL, Object(Config\Cache), false)
#8 C:\xampp\htdocs\simplecrud2-main\public\index.php(37): CodeIgniter\CodeIgniter->run()
#9 C:\xampp\htdocs\simplecrud2-main\system\Commands\Server\rewrite.php(43): require_once('C:\\xampp\\htdocs...')
#10 {main}
CRITICAL - 2022-03-28 10:38:51 --> View themes, no current section.
#0 C:\xampp\htdocs\simplecrud2-main\app\Views\barang\crud.php(43): CodeIgniter\View\View->endSection()
#1 C:\xampp\htdocs\simplecrud2-main\system\View\View.php(210): include('C:\\xampp\\htdocs...')
#2 C:\xampp\htdocs\simplecrud2-main\system\View\View.php(213): CodeIgniter\View\View->CodeIgniter\View\{closure}()
#3 C:\xampp\htdocs\simplecrud2-main\system\Common.php(1089): CodeIgniter\View\View->render('barang/crud', Array, true)
#4 C:\xampp\htdocs\simplecrud2-main\app\Controllers\Barang.php(21): view('barang/crud', Array)
#5 C:\xampp\htdocs\simplecrud2-main\system\CodeIgniter.php(825): App\Controllers\Barang->crud()
#6 C:\xampp\htdocs\simplecrud2-main\system\CodeIgniter.php(412): CodeIgniter\CodeIgniter->runController(Object(App\Controllers\Barang))
#7 C:\xampp\htdocs\simplecrud2-main\system\CodeIgniter.php(320): CodeIgniter\CodeIgniter->handleRequest(NULL, Object(Config\Cache), false)
#8 C:\xampp\htdocs\simplecrud2-main\public\index.php(37): CodeIgniter\CodeIgniter->run()
#9 C:\xampp\htdocs\simplecrud2-main\system\Commands\Server\rewrite.php(43): require_once('C:\\xampp\\htdocs...')
#10 {main}
CRITICAL - 2022-03-28 10:44:27 --> View themes, no current section.
#0 C:\xampp\htdocs\simplecrud2-main\app\Views\barang\crud.php(43): CodeIgniter\View\View->endSection()
#1 C:\xampp\htdocs\simplecrud2-main\system\View\View.php(210): include('C:\\xampp\\htdocs...')
#2 C:\xampp\htdocs\simplecrud2-main\system\View\View.php(213): CodeIgniter\View\View->CodeIgniter\View\{closure}()
#3 C:\xampp\htdocs\simplecrud2-main\system\Common.php(1089): CodeIgniter\View\View->render('barang/crud', Array, true)
#4 C:\xampp\htdocs\simplecrud2-main\app\Controllers\Barang.php(21): view('barang/crud', Array)
#5 C:\xampp\htdocs\simplecrud2-main\system\CodeIgniter.php(825): App\Controllers\Barang->crud()
#6 C:\xampp\htdocs\simplecrud2-main\system\CodeIgniter.php(412): CodeIgniter\CodeIgniter->runController(Object(App\Controllers\Barang))
#7 C:\xampp\htdocs\simplecrud2-main\system\CodeIgniter.php(320): CodeIgniter\CodeIgniter->handleRequest(NULL, Object(Config\Cache), false)
#8 C:\xampp\htdocs\simplecrud2-main\public\index.php(37): CodeIgniter\CodeIgniter->run()
#9 C:\xampp\htdocs\simplecrud2-main\system\Commands\Server\rewrite.php(43): require_once('C:\\xampp\\htdocs...')
#10 {main}
CRITICAL - 2022-03-28 10:47:07 --> View themes, no current section.
#0 C:\xampp\htdocs\simplecrud2-main\app\Views\barang\crud.php(43): CodeIgniter\View\View->endSection()
#1 C:\xampp\htdocs\simplecrud2-main\system\View\View.php(210): include('C:\\xampp\\htdocs...')
#2 C:\xampp\htdocs\simplecrud2-main\system\View\View.php(213): CodeIgniter\View\View->CodeIgniter\View\{closure}()
#3 C:\xampp\htdocs\simplecrud2-main\system\Common.php(1089): CodeIgniter\View\View->render('barang/crud', Array, true)
#4 C:\xampp\htdocs\simplecrud2-main\app\Controllers\Barang.php(21): view('barang/crud', Array)
#5 C:\xampp\htdocs\simplecrud2-main\system\CodeIgniter.php(825): App\Controllers\Barang->crud()
#6 C:\xampp\htdocs\simplecrud2-main\system\CodeIgniter.php(412): CodeIgniter\CodeIgniter->runController(Object(App\Controllers\Barang))
#7 C:\xampp\htdocs\simplecrud2-main\system\CodeIgniter.php(320): CodeIgniter\CodeIgniter->handleRequest(NULL, Object(Config\Cache), false)
#8 C:\xampp\htdocs\simplecrud2-main\public\index.php(37): CodeIgniter\CodeIgniter->run()
#9 C:\xampp\htdocs\simplecrud2-main\system\Commands\Server\rewrite.php(43): require_once('C:\\xampp\\htdocs...')
#10 {main}
CRITICAL - 2022-03-28 11:35:03 --> Too few arguments to function App\Controllers\Barang::edit(), 0 passed in C:\xampp\htdocs\simplecrud2-main\system\CodeIgniter.php on line 825 and exactly 1 expected
#0 C:\xampp\htdocs\simplecrud2-main\system\CodeIgniter.php(825): App\Controllers\Barang->edit()
#1 C:\xampp\htdocs\simplecrud2-main\system\CodeIgniter.php(412): CodeIgniter\CodeIgniter->runController(Object(App\Controllers\Barang))
#2 C:\xampp\htdocs\simplecrud2-main\system\CodeIgniter.php(320): CodeIgniter\CodeIgniter->handleRequest(NULL, Object(Config\Cache), false)
#3 C:\xampp\htdocs\simplecrud2-main\public\index.php(37): CodeIgniter\CodeIgniter->run()
#4 C:\xampp\htdocs\simplecrud2-main\system\Commands\Server\rewrite.php(43): require_once('C:\\xampp\\htdocs...')
#5 {main}
CRITICAL - 2022-03-28 11:37:55 --> Too few arguments to function App\Controllers\Barang::edit(), 0 passed in C:\xampp\htdocs\simplecrud2-main\system\CodeIgniter.php on line 825 and exactly 1 expected
#0 C:\xampp\htdocs\simplecrud2-main\system\CodeIgniter.php(825): App\Controllers\Barang->edit()
#1 C:\xampp\htdocs\simplecrud2-main\system\CodeIgniter.php(412): CodeIgniter\CodeIgniter->runController(Object(App\Controllers\Barang))
#2 C:\xampp\htdocs\simplecrud2-main\system\CodeIgniter.php(320): CodeIgniter\CodeIgniter->handleRequest(NULL, Object(Config\Cache), false)
#3 C:\xampp\htdocs\simplecrud2-main\public\index.php(37): CodeIgniter\CodeIgniter->run()
#4 C:\xampp\htdocs\simplecrud2-main\system\Commands\Server\rewrite.php(43): require_once('C:\\xampp\\htdocs...')
#5 {main}
CRITICAL - 2022-03-28 11:38:18 --> Undefined variable $id
#0 C:\xampp\htdocs\simplecrud2-main\app\Controllers\Barang.php(62): CodeIgniter\Debug\Exceptions->errorHandler(2, 'Undefined varia...', 'C:\\xampp\\htdocs...', 62)
#1 C:\xampp\htdocs\simplecrud2-main\system\CodeIgniter.php(825): App\Controllers\Barang->edit()
#2 C:\xampp\htdocs\simplecrud2-main\system\CodeIgniter.php(412): CodeIgniter\CodeIgniter->runController(Object(App\Controllers\Barang))
#3 C:\xampp\htdocs\simplecrud2-main\system\CodeIgniter.php(320): CodeIgniter\CodeIgniter->handleRequest(NULL, Object(Config\Cache), false)
#4 C:\xampp\htdocs\simplecrud2-main\public\index.php(37): CodeIgniter\CodeIgniter->run()
#5 C:\xampp\htdocs\simplecrud2-main\system\Commands\Server\rewrite.php(43): require_once('C:\\xampp\\htdocs...')
#6 {main}
CRITICAL - 2022-03-28 11:38:38 --> Undefined array key "id"
#0 C:\xampp\htdocs\simplecrud2-main\app\Views\barang\edit.php(8): CodeIgniter\Debug\Exceptions->errorHandler(2, 'Undefined array...', 'C:\\xampp\\htdocs...', 8)
#1 C:\xampp\htdocs\simplecrud2-main\system\View\View.php(210): include('C:\\xampp\\htdocs...')
#2 C:\xampp\htdocs\simplecrud2-main\system\View\View.php(213): CodeIgniter\View\View->CodeIgniter\View\{closure}()
#3 C:\xampp\htdocs\simplecrud2-main\system\Common.php(1089): CodeIgniter\View\View->render('barang/edit', Array, true)
#4 C:\xampp\htdocs\simplecrud2-main\app\Controllers\Barang.php(65): view('barang/edit', Array)
#5 C:\xampp\htdocs\simplecrud2-main\system\CodeIgniter.php(825): App\Controllers\Barang->edit()
#6 C:\xampp\htdocs\simplecrud2-main\system\CodeIgniter.php(412): CodeIgniter\CodeIgniter->runController(Object(App\Controllers\Barang))
#7 C:\xampp\htdocs\simplecrud2-main\system\CodeIgniter.php(320): CodeIgniter\CodeIgniter->handleRequest(NULL, Object(Config\Cache), false)
#8 C:\xampp\htdocs\simplecrud2-main\public\index.php(37): CodeIgniter\CodeIgniter->run()
#9 C:\xampp\htdocs\simplecrud2-main\system\Commands\Server\rewrite.php(43): require_once('C:\\xampp\\htdocs...')
#10 {main}
CRITICAL - 2022-03-28 11:39:42 --> Too few arguments to function App\Controllers\Barang::edit(), 0 passed in C:\xampp\htdocs\simplecrud2-main\system\CodeIgniter.php on line 825 and exactly 1 expected
#0 C:\xampp\htdocs\simplecrud2-main\system\CodeIgniter.php(825): App\Controllers\Barang->edit()
#1 C:\xampp\htdocs\simplecrud2-main\system\CodeIgniter.php(412): CodeIgniter\CodeIgniter->runController(Object(App\Controllers\Barang))
#2 C:\xampp\htdocs\simplecrud2-main\system\CodeIgniter.php(320): CodeIgniter\CodeIgniter->handleRequest(NULL, Object(Config\Cache), false)
#3 C:\xampp\htdocs\simplecrud2-main\public\index.php(37): CodeIgniter\CodeIgniter->run()
#4 C:\xampp\htdocs\simplecrud2-main\system\Commands\Server\rewrite.php(43): require_once('C:\\xampp\\htdocs...')
#5 {main}
