CRITICAL - 2022-03-12 12:56:17 --> The framework needs the following extension(s) installed and loaded: intl.
#0 C:\xampp\htdocs\codeigniter4\system\CodeIgniter.php(219): CodeIgniter\Exceptions\FrameworkException::forMissingExtension('intl')
#1 C:\xampp\htdocs\codeigniter4\system\CodeIgniter.php(177): CodeIgniter\CodeIgniter->resolvePlatformExtensions()
#2 C:\xampp\htdocs\codeigniter4\system\bootstrap.php(146): CodeIgniter\CodeIgniter->initialize()
#3 C:\xampp\htdocs\codeigniter4\spark(45): require('C:\\xampp\\htdocs...')
#4 {main}
CRITICAL - 2022-03-12 13:10:09 --> The framework needs the following extension(s) installed and loaded: intl.
#0 C:\xampp\htdocs\codeigniter4\system\CodeIgniter.php(219): CodeIgniter\Exceptions\FrameworkException::forMissingExtension('intl')
#1 C:\xampp\htdocs\codeigniter4\system\CodeIgniter.php(177): CodeIgniter\CodeIgniter->resolvePlatformExtensions()
#2 C:\xampp\htdocs\codeigniter4\system\bootstrap.php(146): CodeIgniter\CodeIgniter->initialize()
#3 C:\xampp\htdocs\codeigniter4\public\index.php(28): require('C:\\xampp\\htdocs...')
#4 {main}
CRITICAL - 2022-03-12 13:10:32 --> The framework needs the following extension(s) installed and loaded: intl.
#0 C:\xampp\htdocs\codeigniter4\system\CodeIgniter.php(219): CodeIgniter\Exceptions\FrameworkException::forMissingExtension('intl')
#1 C:\xampp\htdocs\codeigniter4\system\CodeIgniter.php(177): CodeIgniter\CodeIgniter->resolvePlatformExtensions()
#2 C:\xampp\htdocs\codeigniter4\system\bootstrap.php(146): CodeIgniter\CodeIgniter->initialize()
#3 C:\xampp\htdocs\codeigniter4\public\index.php(28): require('C:\\xampp\\htdocs...')
#4 {main}
CRITICAL - 2022-03-12 13:25:36 --> The framework needs the following extension(s) installed and loaded: intl.
#0 C:\xampp\htdocs\codeigniter4\system\CodeIgniter.php(219): CodeIgniter\Exceptions\FrameworkException::forMissingExtension('intl')
#1 C:\xampp\htdocs\codeigniter4\system\CodeIgniter.php(177): CodeIgniter\CodeIgniter->resolvePlatformExtensions()
#2 C:\xampp\htdocs\codeigniter4\system\bootstrap.php(146): CodeIgniter\CodeIgniter->initialize()
#3 C:\xampp\htdocs\codeigniter4\public\index.php(28): require('C:\\xampp\\htdocs...')
#4 {main}
CRITICAL - 2022-03-12 13:25:39 --> The framework needs the following extension(s) installed and loaded: intl.
#0 C:\xampp\htdocs\codeigniter4\system\CodeIgniter.php(219): CodeIgniter\Exceptions\FrameworkException::forMissingExtension('intl')
#1 C:\xampp\htdocs\codeigniter4\system\CodeIgniter.php(177): CodeIgniter\CodeIgniter->resolvePlatformExtensions()
#2 C:\xampp\htdocs\codeigniter4\system\bootstrap.php(146): CodeIgniter\CodeIgniter->initialize()
#3 C:\xampp\htdocs\codeigniter4\public\index.php(28): require('C:\\xampp\\htdocs...')
#4 {main}
CRITICAL - 2022-03-12 13:25:42 --> The framework needs the following extension(s) installed and loaded: intl.
#0 C:\xampp\htdocs\codeigniter4\system\CodeIgniter.php(219): CodeIgniter\Exceptions\FrameworkException::forMissingExtension('intl')
#1 C:\xampp\htdocs\codeigniter4\system\CodeIgniter.php(177): CodeIgniter\CodeIgniter->resolvePlatformExtensions()
#2 C:\xampp\htdocs\codeigniter4\system\bootstrap.php(146): CodeIgniter\CodeIgniter->initialize()
#3 C:\xampp\htdocs\codeigniter4\public\index.php(28): require('C:\\xampp\\htdocs...')
#4 {main}
